\BOOKMARK [1][-]{section.1}{Introduction}{}% 1
\BOOKMARK [1][-]{section.2}{Background}{}% 2
\BOOKMARK [2][-]{subsection.2.1}{Urban Transportation \046 Accessibility}{section.2}% 3
\BOOKMARK [2][-]{subsection.2.2}{Measuring Accessibility}{section.2}% 4
\BOOKMARK [2][-]{subsection.2.3}{Inequalities of Urban Transportation}{section.2}% 5
\BOOKMARK [2][-]{subsection.2.4}{Access to Employment}{section.2}% 6
\BOOKMARK [2][-]{subsection.2.5}{Canadian Context}{section.2}% 7
\BOOKMARK [1][-]{section.3}{Study Areas \046 Data}{}% 8
\BOOKMARK [2][-]{subsection.3.1}{Study Areas}{section.3}% 9
\BOOKMARK [2][-]{subsection.3.2}{Demographic \046 Employment Data}{section.3}% 10
\BOOKMARK [2][-]{subsection.3.3}{Network Graphs}{section.3}% 11
\BOOKMARK [1][-]{section.4}{Measuring Access to Employment}{}% 12
\BOOKMARK [2][-]{subsection.4.1}{Computing Travel Times}{section.4}% 13
\BOOKMARK [2][-]{subsection.4.2}{Cumulative Accessibility}{section.4}% 14
\BOOKMARK [2][-]{subsection.4.3}{Gravity Accessibility}{section.4}% 15
\BOOKMARK [2][-]{subsection.4.4}{Competitive Accessibility}{section.4}% 16
\BOOKMARK [2][-]{subsection.4.5}{Validating Results}{section.4}% 17
\BOOKMARK [2][-]{subsection.4.6}{Disseminating \046 Visualizing Results}{section.4}% 18
\BOOKMARK [1][-]{section.5}{Inequalities of Transit Access to Employment}{}% 19
\BOOKMARK [2][-]{subsection.5.1}{Overall Regional \046 Modal Comparisons}{section.5}% 20
\BOOKMARK [2][-]{subsection.5.2}{Horizontal Equity}{section.5}% 21
\BOOKMARK [2][-]{subsection.5.3}{Transit Access \046 Income Inequalities}{section.5}% 22
\BOOKMARK [2][-]{subsection.5.4}{Estimating the Extent of Transport Poverty}{section.5}% 23
\BOOKMARK [2][-]{subsection.5.5}{Characteristics of Areas Vulnerable to Transport Poverty}{section.5}% 24
\BOOKMARK [1][-]{section.6}{Policy Recommendations}{}% 25
\BOOKMARK [1][-]{section.7}{Conclusion}{}% 26
\BOOKMARK [1][-]{section*.43}{References}{}% 27
\BOOKMARK [1][-]{appendix.A}{Appendix of Maps}{}% 28
\BOOKMARK [2][-]{subsection.A.1}{Choropleths of transit access to employment and low income households}{appendix.A}% 29
\BOOKMARK [2][-]{subsection.A.2}{Maps of the cluster analysis of areas at high risk of transport poverty}{appendix.A}% 30
